<?xml version="1.0" encoding="UTF-8"?>
<testsuite name="TestSuite" time="0.158" tests="225" errors="1" skipped="1" failures="7">
  <properties>
[...]
</properties>
  <testcase name="testparallel" classname="test.testng.TestParallel" time="0.006"/>
  <testcase name="testparallel" classname="test.testng.TestParallel" time="0"/>
  <testcase name="testparallel" classname="test.testng.TestParallel" time="0"/>
  <testcase name="testAdd" classname="test.testng.AppTest" time="0.001"/>
  <testcase name="testparallel" classname="test.testng.TestParallel" time="0"/>
  <testcase name="testparallel" classname="test.testng.TestParallel" time="0"/>
  <testcase name="testparallel" classname="test.testng.TestParallel" time="0"/>
  <testcase name="testparallel" classname="test.testng.TestParallel" time="0"/>
  <testcase name="testparallel" classname="test.testng.TestParallel" time="0"/>
  <testcase name="testparallel" classname="test.testng.TestParallel" time="0"/>
  <testcase name="testparallel" classname="test.testng.TestParallel" time="0"/>
  <testcase name="testparallel" classname="test.testng.TestParallel" time="0"/>
  <testcase name="testparallel" classname="test.testng.TestParallel" time="0"/>
  <testcase name="testparallel" classname="test.testng.TestParallel" time="0.001"/>
  <testcase name="testparallel" classname="test.testng.TestParallel" time="0"/>
  <testcase name="testparallel" classname="test.testng.TestParallel" time="0"/>
  <testcase name="testparallel" classname="test.testng.TestParallel" time="0"/>
  <testcase name="testparallel" classname="test.testng.TestParallel" time="0.001"/>
  <testcase name="testparallel" classname="test.testng.TestParallel" time="0"/>
  <testcase name="testparallel" classname="test.testng.TestParallel" time="0.001"/>
  <testcase name="testaddition" classname="test.testng.TestAddition" time="0"/>
  <testcase name="testparallel" classname="test.testng.TestParallel" time="0"/>
  <testcase name="testparallel" classname="test.testng.TestParallel" time="0"/>
  <testcase name="testparallel" classname="test.testng.TestParallel" time="0"/>
  <testcase name="testparallel" classname="test.testng.TestParallel" time="0"/>
  <testcase name="testparallel" classname="test.testng.TestParallel" time="0"/>
  <testcase name="testparallel" classname="test.testng.TestParallel" time="0"/>
  <testcase name="testparallel" classname="test.testng.TestParallel" time="0"/>
  <testcase name="testparallel" classname="test.testng.TestParallel" time="0.014"/>
  <testcase name="testparallel" classname="test.testng.TestParallel" time="0"/>
  <testcase name="testparallel" classname="test.testng.TestParallel" time="0"/>
  <testcase name="testparallel" classname="test.testng.TestParallel" time="0"/>
  <testcase name="testparallel" classname="test.testng.TestParallel" time="0"/>
  <testcase name="testparallel" classname="test.testng.TestParallel" time="0.001"/>
  <testcase name="testparallel" classname="test.testng.TestParallel" time="0"/>
  <testcase name="testparallel" classname="test.testng.TestParallel" time="0"/>
  <testcase name="testparallel" classname="test.testng.TestParallel" time="0"/>
  <testcase name="testparallel" classname="test.testng.TestParallel" time="0"/>
  <testcase name="testaddition" classname="test.testng.TestAddition" time="0.016">
    <failure message="expected [11] but found [9]" type="java.lang.AssertionError">java.lang.AssertionError: expected [11] but found [9]
	at org.testng.Assert.fail(Assert.java:94)
	at org.testng.Assert.failNotEquals(Assert.java:513)
	at org.testng.Assert.assertEqualsImpl(Assert.java:135)
	at org.testng.Assert.assertEquals(Assert.java:116)
	at org.testng.Assert.assertEquals(Assert.java:179)
	at test.testng.TestAddition.testaddition(TestAddition.java:12)
</failure>
  </testcase>
  <testcase name="testaddition" classname="test.testng.TestAddition" time="0"/>
  <testcase name="testparallel" classname="test.testng.TestParallel" time="0"/>
  <testcase name="testparallel" classname="test.testng.TestParallel" time="0.001"/>
  <testcase name="testparallel" classname="test.testng.TestParallel" time="0"/>
  <testcase name="testparallel" classname="test.testng.TestParallel" time="0"/>
  <testcase name="testparallel" classname="test.testng.TestParallel" time="0"/>
  <testcase name="testparallel" classname="test.testng.TestParallel" time="0"/>
  <testcase name="testparallel" classname="test.testng.TestParallel" time="0.001"/>
  <testcase name="testparallel" classname="test.testng.TestParallel" time="0"/>
  <testcase name="testparallel" classname="test.testng.TestParallel" time="0.004"/>
  <testcase name="testparallel" classname="test.testng.TestParallel" time="0"/>
  <testcase name="testparallel" classname="test.testng.TestParallel" time="0"/>
  <testcase name="testparallel" classname="test.testng.TestParallel" time="0.001"/>
  <testcase name="testparallel" classname="test.testng.TestParallel" time="0.002"/>
  <testcase name="testparallel" classname="test.testng.TestParallel" time="0.001"/>
  <testcase name="testparallel" classname="test.testng.TestParallel" time="0.001"/>
  <testcase name="testparallel" classname="test.testng.TestParallel" time="0.002"/>
  <testcase name="testparallel" classname="test.testng.TestParallel" time="0"/>
  <testcase name="testparallel" classname="test.testng.TestParallel" time="0"/>
  <testcase name="testparallel" classname="test.testng.TestParallel" time="0.001"/>
  <testcase name="testparallel" classname="test.testng.TestParallel" time="0"/>
  <testcase name="testparallel" classname="test.testng.TestParallel" time="0"/>
  <testcase name="testparallel" classname="test.testng.TestParallel" time="0.002"/>
  <testcase name="testparallel" classname="test.testng.TestParallel" time="0"/>
  <testcase name="testparallel" classname="test.testng.TestParallel" time="0.003"/>
  <testcase name="testparallel" classname="test.testng.TestParallel" time="0.003"/>
  <testcase name="testparallel" classname="test.testng.TestParallel" time="0.001"/>
  <testcase name="testparallel" classname="test.testng.TestParallel" time="0.002"/>
  <testcase name="testparallel" classname="test.testng.TestParallel" time="0"/>
  <testcase name="testparallel" classname="test.testng.TestParallel" time="0"/>
  <testcase name="testparallel" classname="test.testng.TestParallel" time="0"/>
  <testcase name="testparallel" classname="test.testng.TestParallel" time="0.001"/>
  <testcase name="testparallel" classname="test.testng.TestParallel" time="0"/>
  <testcase name="testparallel" classname="test.testng.TestParallel" time="0"/>
  <testcase name="testparallel" classname="test.testng.TestParallel" time="0"/>
  <testcase name="testparallel" classname="test.testng.TestParallel" time="0.004"/>
  <testcase name="testparallel" classname="test.testng.TestParallel" time="0"/>
  <testcase name="testparallel" classname="test.testng.TestParallel" time="0.001"/>
  <testcase name="testparallel" classname="test.testng.TestParallel" time="0.001"/>
  <testcase name="testparallel" classname="test.testng.TestParallel" time="0"/>
  <testcase name="testparallel" classname="test.testng.TestParallel" time="0"/>
  <testcase name="testparallel" classname="test.testng.TestParallel" time="0.002"/>
  <testcase name="testparallel" classname="test.testng.TestParallel" time="0"/>
  <testcase name="testparallel" classname="test.testng.TestParallel" time="0"/>
  <testcase name="testparallel" classname="test.testng.TestParallel" time="0"/>
  <testcase name="testparallel" classname="test.testng.TestParallel" time="0.004"/>
  <testcase name="testparallel" classname="test.testng.TestParallel" time="0.004"/>
  <testcase name="testparallel" classname="test.testng.TestParallel" time="0.005"/>
  <testcase name="testparallel" classname="test.testng.TestParallel" time="0"/>
  <testcase name="testparallel" classname="test.testng.TestParallel" time="0"/>
  <testcase name="testparallel" classname="test.testng.TestParallel" time="0"/>
  <testcase name="testparallel" classname="test.testng.TestParallel" time="0.002"/>
  <testcase name="testparallel" classname="test.testng.TestParallel" time="0"/>
  <testcase name="testparallel" classname="test.testng.TestParallel" time="0"/>
  <testcase name="testparallel" classname="test.testng.TestParallel" time="0"/>
  <testcase name="testparallel" classname="test.testng.TestParallel" time="0"/>
  <testcase name="testparallel" classname="test.testng.TestParallel" time="0"/>
  <testcase name="testparallel" classname="test.testng.TestParallel" time="0.001"/>
  <testcase name="testparallel" classname="test.testng.TestParallel" time="0.001"/>
  <testcase name="testparallel" classname="test.testng.TestParallel" time="0.001"/>
  <testcase name="testparallel" classname="test.testng.TestParallel" time="0.001"/>
  <testcase name="testparallel" classname="test.testng.TestParallel" time="0"/>
  <testcase name="testparallel" classname="test.testng.TestParallel" time="0.001"/>
  <testcase name="testparallel" classname="test.testng.TestParallel" time="0"/>
  <testcase name="testparallel" classname="test.testng.TestParallel" time="0"/>
  <testcase name="testexception2" classname="test.testng.TestExceptions" time="0.001"/>
  <testcase name="testMethod3" classname="test.testng.AppTest" time="0">
    <failure message="expected [false] but found [true]" type="java.lang.AssertionError">java.lang.AssertionError: expected [false] but found [true]
	at org.testng.Assert.fail(Assert.java:94)
	at org.testng.Assert.failNotEquals(Assert.java:513)
	at org.testng.Assert.assertFalse(Assert.java:63)
	at org.testng.Assert.assertFalse(Assert.java:73)
	at test.testng.AppTest.testMethod3(AppTest.java:54)
</failure>
  </testcase>
  <testcase name="testMethod2" classname="test.testng.AppTest" time="0.001">
    <failure message="expected [false] but found [true]" type="java.lang.AssertionError">java.lang.AssertionError: expected [false] but found [true]
	at org.testng.Assert.fail(Assert.java:94)
	at org.testng.Assert.failNotEquals(Assert.java:513)
	at org.testng.Assert.assertFalse(Assert.java:63)
	at org.testng.Assert.assertFalse(Assert.java:73)
	at test.testng.AppTest.testMethod2(AppTest.java:48)
</failure>
  </testcase>
  <testcase name="method3" classname="test.testng.GroupsTest" time="0"/>
  <testcase name="mytest1" classname="test.testng.listners.ListnerTest" time="0"/>
  <testcase name="mytest2" classname="test.testng.listners.ListnerTest" time="0"/>
  <testcase name="method2" classname="test.testng.GroupsTest" time="0.001"/>
  <testcase name="method4" classname="test.testng.GroupsTest" time="0.004"/>
  <testcase name="mytest1" classname="test.testng.retry.MyRetryTest" time="0">
    <failure message="expected [true] but found [false]" type="java.lang.AssertionError">java.lang.AssertionError: expected [true] but found [false]
	at org.testng.Assert.fail(Assert.java:94)
	at org.testng.Assert.failNotEquals(Assert.java:513)
	at org.testng.Assert.assertTrue(Assert.java:42)
	at org.testng.Assert.assertTrue(Assert.java:52)
	at test.testng.retry.MyRetryTest.mytest1(MyRetryTest.java:13)
</failure>
  </testcase>
  <testcase name="mytest2" classname="test.testng.retry.MyRetryTest" time="0">
    <failure message="expected [true] but found [false]" type="java.lang.AssertionError">java.lang.AssertionError: expected [true] but found [false]
	at org.testng.Assert.fail(Assert.java:94)
	at org.testng.Assert.failNotEquals(Assert.java:513)
	at org.testng.Assert.assertTrue(Assert.java:42)
	at org.testng.Assert.assertTrue(Assert.java:52)
	at test.testng.retry.MyRetryTest.mytest2(MyRetryTest.java:19)
</failure>
  </testcase>
  <testcase name="testaddition" classname="test.testng.TestAddition" time="0"/>
  <testcase name="testaddition" classname="test.testng.TestAddition" time="0">
    <failure message="expected [11] but found [9]" type="java.lang.AssertionError">java.lang.AssertionError: expected [11] but found [9]
	at org.testng.Assert.fail(Assert.java:94)
	at org.testng.Assert.failNotEquals(Assert.java:513)
	at org.testng.Assert.assertEqualsImpl(Assert.java:135)
	at org.testng.Assert.assertEquals(Assert.java:116)
	at org.testng.Assert.assertEquals(Assert.java:179)
	at test.testng.TestAddition.testaddition(TestAddition.java:12)
</failure>
  </testcase>
  <testcase name="testaddition" classname="test.testng.TestAddition" time="0"/>
  <testcase name="testexception2" classname="test.testng.TestExceptions" time="0"/>
  <testcase name="testexception1" classname="test.testng.TestExceptions" time="0"/>
  <testcase name="test4" classname="test.testng.TestPriority" time="0">
    <error message="expected [false] but found [true]" type="java.lang.AssertionError">java.lang.AssertionError: expected [false] but found [true]
	at org.testng.Assert.fail(Assert.java:94)
	at org.testng.Assert.failNotEquals(Assert.java:513)
	at org.testng.Assert.assertFalse(Assert.java:63)
	at org.testng.Assert.assertFalse(Assert.java:73)
	at test.testng.TestPriority.test4(TestPriority.java:29)
</error>
  </testcase>
  <testcase name="method1" classname="test.testng.TestClass" time="0.007">
    <failure message="&#10;Parameter &apos;hostname&apos; is required by @Test on method method1 but has not been marked @Optional or defined&#10;in C:\Users\SudhaChandoo\TestNG\testng\testng.xml" type="org.testng.TestNGException">org.testng.TestNGException: 
Parameter 'hostname' is required by @Test on method method1 but has not been marked @Optional or defined
in C:\Users\SudhaChandoo\TestNG\testng\testng.xml
	at org.testng.internal.Parameters.createParameters(Parameters.java:199)
	at org.testng.internal.Parameters.createParameters(Parameters.java:443)
	at org.testng.internal.Parameters.handleParameters(Parameters.java:568)
	at org.testng.internal.Invoker.handleParameters(Invoker.java:1293)
	at org.testng.internal.Invoker.createParameters(Invoker.java:1020)
	at org.testng.internal.Invoker.invokeTestMethods(Invoker.java:1110)
	at org.testng.internal.TestMethodWorker.invokeTestMethods(TestMethodWorker.java:129)
	at org.testng.internal.TestMethodWorker.run(TestMethodWorker.java:112)
	at java.util.concurrent.ThreadPoolExecutor.runWorker(ThreadPoolExecutor.java:1149)
	at java.util.concurrent.ThreadPoolExecutor$Worker.run(ThreadPoolExecutor.java:624)
	at java.lang.Thread.run(Thread.java:748)
</failure>
    <system-err><![CDATA[[Error] org.testng.TestNGException: 
Parameter &apos;hostname&apos; is required by @Test on method method1 but has not been marked @Optional or defined
in C:\Users\SudhaChandoo\TestNG\testng\testng.xml
	at org.testng.internal.Parameters.createParameters(Parameters.java:199)
	at org.testng.internal.Parameters.createParameters(Parameters.java:443)
	at org.testng.internal.Parameters.handleParameters(Parameters.java:568)
	at org.testng.internal.Invoker.handleParameters(Invoker.java:1293)
	at org.testng.internal.Invoker.createParameters(Invoker.java:1020)
	at org.testng.internal.Invoker.invokeTestMethods(Invoker.java:1110)
	at org.testng.internal.TestMethodWorker.invokeTestMethods(TestMethodWorker.java:129)
	at org.testng.internal.TestMethodWorker.run(TestMethodWorker.java:112)
	at java.util.concurrent.ThreadPoolExecutor.runWorker(ThreadPoolExecutor.java:1149)
	at java.util.concurrent.ThreadPoolExecutor$Worker.run(ThreadPoolExecutor.java:624)
	at java.lang.Thread.run(Thread.java:748)

]]></system-err>
  </testcase>
  <testcase name="testmethod4" classname="test.testng.AppTest" time="0"/>
  <testcase name="testmethod5" classname="test.testng.AppTest" time="0">
    <skipped/>
  </testcase>
  <testcase name="testAdd" classname="test.testng.AppTest" time="0.004"/>
  <testcase name="method1" classname="test.testng.GroupsTest" time="0"/>
  <testcase name="testparallel" classname="test.testng.TestParallel" time="0"/>
  <testcase name="testparallel" classname="test.testng.TestParallel" time="0"/>
  <testcase name="testparallel" classname="test.testng.TestParallel" time="0"/>
  <testcase name="testparallel" classname="test.testng.TestParallel" time="0"/>
  <testcase name="testparallel" classname="test.testng.TestParallel" time="0.001"/>
  <testcase name="testparallel" classname="test.testng.TestParallel" time="0.004"/>
  <testcase name="testparallel" classname="test.testng.TestParallel" time="0"/>
  <testcase name="testparallel" classname="test.testng.TestParallel" time="0"/>
  <testcase name="testparallel" classname="test.testng.TestParallel" time="0"/>
  <testcase name="testparallel" classname="test.testng.TestParallel" time="0.001"/>
  <testcase name="testparallel" classname="test.testng.TestParallel" time="0"/>
  <testcase name="testparallel" classname="test.testng.TestParallel" time="0"/>
  <testcase name="testparallel" classname="test.testng.TestParallel" time="0.002"/>
  <testcase name="testparallel" classname="test.testng.TestParallel" time="0.001"/>
  <testcase name="testparallel" classname="test.testng.TestParallel" time="0.005"/>
  <testcase name="testparallel" classname="test.testng.TestParallel" time="0"/>
  <testcase name="testparallel" classname="test.testng.TestParallel" time="0"/>
  <testcase name="testparallel" classname="test.testng.TestParallel" time="0"/>
  <testcase name="testparallel" classname="test.testng.TestParallel" time="0"/>
  <testcase name="testparallel" classname="test.testng.TestParallel" time="0"/>
  <testcase name="testparallel" classname="test.testng.TestParallel" time="0"/>
  <testcase name="testparallel" classname="test.testng.TestParallel" time="0"/>
  <testcase name="testparallel" classname="test.testng.TestParallel" time="0"/>
  <testcase name="testparallel" classname="test.testng.TestParallel" time="0"/>
  <testcase name="testparallel" classname="test.testng.TestParallel" time="0"/>
  <testcase name="testparallel" classname="test.testng.TestParallel" time="0.006"/>
  <testcase name="testparallel" classname="test.testng.TestParallel" time="0"/>
  <testcase name="testparallel" classname="test.testng.TestParallel" time="0.001"/>
  <testcase name="testparallel" classname="test.testng.TestParallel" time="0.001"/>
  <testcase name="testparallel" classname="test.testng.TestParallel" time="0.001"/>
  <testcase name="testparallel" classname="test.testng.TestParallel" time="0.001"/>
  <testcase name="testparallel" classname="test.testng.TestParallel" time="0.004"/>
  <testcase name="testparallel" classname="test.testng.TestParallel" time="0.001"/>
  <testcase name="testparallel" classname="test.testng.TestParallel" time="0"/>
  <testcase name="testparallel" classname="test.testng.TestParallel" time="0"/>
  <testcase name="testparallel" classname="test.testng.TestParallel" time="0"/>
  <testcase name="testparallel" classname="test.testng.TestParallel" time="0"/>
  <testcase name="testparallel" classname="test.testng.TestParallel" time="0"/>
  <testcase name="testparallel" classname="test.testng.TestParallel" time="0"/>
  <testcase name="testparallel" classname="test.testng.TestParallel" time="0"/>
  <testcase name="testparallel" classname="test.testng.TestParallel" time="0"/>
  <testcase name="testparallel" classname="test.testng.TestParallel" time="0"/>
  <testcase name="testparallel" classname="test.testng.TestParallel" time="0"/>
  <testcase name="testparallel" classname="test.testng.TestParallel" time="0"/>
  <testcase name="testparallel" classname="test.testng.TestParallel" time="0"/>
  <testcase name="testparallel" classname="test.testng.TestParallel" time="0"/>
  <testcase name="testparallel" classname="test.testng.TestParallel" time="0"/>
  <testcase name="testparallel" classname="test.testng.TestParallel" time="0.001"/>
  <testcase name="testparallel" classname="test.testng.TestParallel" time="0"/>
  <testcase name="testparallel" classname="test.testng.TestParallel" time="0.002"/>
  <testcase name="testparallel" classname="test.testng.TestParallel" time="0"/>
  <testcase name="testparallel" classname="test.testng.TestParallel" time="0"/>
  <testcase name="testparallel" classname="test.testng.TestParallel" time="0"/>
  <testcase name="testparallel" classname="test.testng.TestParallel" time="0"/>
  <testcase name="testparallel" classname="test.testng.TestParallel" time="0"/>
  <testcase name="testparallel" classname="test.testng.TestParallel" time="0"/>
  <testcase name="testparallel" classname="test.testng.TestParallel" time="0"/>
  <testcase name="testparallel" classname="test.testng.TestParallel" time="0.002"/>
  <testcase name="testparallel" classname="test.testng.TestParallel" time="0.001"/>
  <testcase name="testparallel" classname="test.testng.TestParallel" time="0"/>
  <testcase name="testparallel" classname="test.testng.TestParallel" time="0"/>
  <testcase name="testparallel" classname="test.testng.TestParallel" time="0.001"/>
  <testcase name="testparallel" classname="test.testng.TestParallel" time="0"/>
  <testcase name="testparallel" classname="test.testng.TestParallel" time="0"/>
  <testcase name="testparallel" classname="test.testng.TestParallel" time="0"/>
  <testcase name="testparallel" classname="test.testng.TestParallel" time="0"/>
  <testcase name="testparallel" classname="test.testng.TestParallel" time="0"/>
  <testcase name="testparallel" classname="test.testng.TestParallel" time="0"/>
  <testcase name="testparallel" classname="test.testng.TestParallel" time="0"/>
  <testcase name="testparallel" classname="test.testng.TestParallel" time="0"/>
  <testcase name="testparallel" classname="test.testng.TestParallel" time="0"/>
  <testcase name="testparallel" classname="test.testng.TestParallel" time="0"/>
  <testcase name="testparallel" classname="test.testng.TestParallel" time="0"/>
  <testcase name="testparallel" classname="test.testng.TestParallel" time="0"/>
  <testcase name="testparallel" classname="test.testng.TestParallel" time="0"/>
  <testcase name="testparallel" classname="test.testng.TestParallel" time="0"/>
  <testcase name="testparallel" classname="test.testng.TestParallel" time="0"/>
  <testcase name="testparallel" classname="test.testng.TestParallel" time="0"/>
  <testcase name="testparallel" classname="test.testng.TestParallel" time="0"/>
  <testcase name="testparallel" classname="test.testng.TestParallel" time="0"/>
  <testcase name="testparallel" classname="test.testng.TestParallel" time="0"/>
  <testcase name="testparallel" classname="test.testng.TestParallel" time="0"/>
  <testcase name="testparallel" classname="test.testng.TestParallel" time="0"/>
  <testcase name="testparallel" classname="test.testng.TestParallel" time="0"/>
  <testcase name="testparallel" classname="test.testng.TestParallel" time="0"/>
  <testcase name="testparallel" classname="test.testng.TestParallel" time="0.001"/>
  <testcase name="testparallel" classname="test.testng.TestParallel" time="0"/>
  <testcase name="testparallel" classname="test.testng.TestParallel" time="0"/>
  <testcase name="testparallel" classname="test.testng.TestParallel" time="0"/>
  <testcase name="testparallel" classname="test.testng.TestParallel" time="0"/>
  <testcase name="testparallel" classname="test.testng.TestParallel" time="0"/>
  <testcase name="testparallel" classname="test.testng.TestParallel" time="0"/>
  <testcase name="testparallel" classname="test.testng.TestParallel" time="0"/>
  <testcase name="testparallel" classname="test.testng.TestParallel" time="0"/>
  <testcase name="testparallel" classname="test.testng.TestParallel" time="0"/>
  <testcase name="testparallel" classname="test.testng.TestParallel" time="0.001"/>
  <testcase name="testparallel" classname="test.testng.TestParallel" time="0.002"/>
  <testcase name="testparallel" classname="test.testng.TestParallel" time="0.002"/>
  <testcase name="testparallel" classname="test.testng.TestParallel" time="0.002"/>
  <testcase name="testparallel" classname="test.testng.TestParallel" time="0.001"/>
</testsuite>