<?xml version="1.0" encoding="UTF-8"?>
<!-- Generated by org.testng.reporters.JUnitXMLReporter -->
<testsuite hostname="DESKTOP-L2VJL3A" ignored="4" name="mytest1" tests="104" failures="1" timestamp="28 Jan 2020 14:10:30 GMT" time="0.176" errors="0">
  <testcase name="testparallel" time="0.001" classname="test.testng.TestParallel"/>
  <testcase name="testparallel" time="0.0" classname="test.testng.TestParallel"/>
  <testcase name="testparallel" time="0.003" classname="test.testng.TestParallel"/>
  <testcase name="testAdd" time="0.007" classname="test.testng.AppTest"/>
  <testcase name="testparallel" time="0.0" classname="test.testng.TestParallel"/>
  <testcase name="testparallel" time="0.008" classname="test.testng.TestParallel"/>
  <testcase name="testparallel" time="0.0" classname="test.testng.TestParallel"/>
  <testcase name="testparallel" time="0.008" classname="test.testng.TestParallel"/>
  <testcase name="testparallel" time="0.001" classname="test.testng.TestParallel"/>
  <testcase name="testparallel" time="0.0" classname="test.testng.TestParallel"/>
  <testcase name="testparallel" time="0.0" classname="test.testng.TestParallel"/>
  <testcase name="testparallel" time="0.0" classname="test.testng.TestParallel"/>
  <testcase name="testparallel" time="0.0" classname="test.testng.TestParallel"/>
  <testcase name="testparallel" time="0.001" classname="test.testng.TestParallel"/>
  <testcase name="testparallel" time="0.001" classname="test.testng.TestParallel"/>
  <testcase name="testparallel" time="0.001" classname="test.testng.TestParallel"/>
  <testcase name="testparallel" time="0.003" classname="test.testng.TestParallel"/>
  <testcase name="testparallel" time="0.002" classname="test.testng.TestParallel"/>
  <testcase name="testparallel" time="0.027" classname="test.testng.TestParallel"/>
  <testcase name="testparallel" time="0.0" classname="test.testng.TestParallel"/>
  <testcase name="testparallel" time="0.032" classname="test.testng.TestParallel"/>
  <testcase name="testaddition" time="0.033" classname="test.testng.TestAddition"/>
  <testcase name="testparallel" time="0.004" classname="test.testng.TestParallel"/>
  <testcase name="testparallel" time="0.009" classname="test.testng.TestParallel"/>
  <testcase name="testparallel" time="0.002" classname="test.testng.TestParallel"/>
  <testcase name="testparallel" time="0.029" classname="test.testng.TestParallel"/>
  <testcase name="testparallel" time="0.002" classname="test.testng.TestParallel"/>
  <testcase name="testparallel" time="0.042" classname="test.testng.TestParallel"/>
  <testcase name="testparallel" time="0.0" classname="test.testng.TestParallel"/>
  <testcase name="testaddition" time="0.007" classname="test.testng.TestAddition">
    <failure type="java.lang.AssertionError" message="expected [11] but found [9]">
      <![CDATA[java.lang.AssertionError: expected [11] but found [9]
	at test.testng.TestAddition.testaddition(TestAddition.java:12)
	at java.util.concurrent.ThreadPoolExecutor.runWorker(ThreadPoolExecutor.java:1149)
	at java.util.concurrent.ThreadPoolExecutor$Worker.run(ThreadPoolExecutor.java:624)
	at java.lang.Thread.run(Thread.java:748)
... Removed 15 stack frames]]>
    </failure>
  </testcase> <!-- testaddition -->
  <testcase name="testparallel" time="0.0" classname="test.testng.TestParallel"/>
  <testcase name="testparallel" time="0.001" classname="test.testng.TestParallel"/>
  <testcase name="testparallel" time="0.001" classname="test.testng.TestParallel"/>
  <testcase name="testparallel" time="0.001" classname="test.testng.TestParallel"/>
  <testcase name="testparallel" time="0.002" classname="test.testng.TestParallel"/>
  <testcase name="testparallel" time="0.001" classname="test.testng.TestParallel"/>
  <testcase name="testparallel" time="0.0" classname="test.testng.TestParallel"/>
  <testcase name="testparallel" time="0.001" classname="test.testng.TestParallel"/>
  <testcase name="testparallel" time="0.001" classname="test.testng.TestParallel"/>
  <testcase name="testaddition" time="0.001" classname="test.testng.TestAddition"/>
  <testcase name="testparallel" time="0.003" classname="test.testng.TestParallel"/>
  <testcase name="testparallel" time="0.0" classname="test.testng.TestParallel"/>
  <testcase name="testparallel" time="0.002" classname="test.testng.TestParallel"/>
  <testcase name="testparallel" time="0.002" classname="test.testng.TestParallel"/>
  <testcase name="testparallel" time="0.0" classname="test.testng.TestParallel"/>
  <testcase name="testparallel" time="0.001" classname="test.testng.TestParallel"/>
  <testcase name="testparallel" time="0.002" classname="test.testng.TestParallel"/>
  <testcase name="testparallel" time="0.001" classname="test.testng.TestParallel"/>
  <testcase name="testparallel" time="0.007" classname="test.testng.TestParallel"/>
  <testcase name="testparallel" time="0.001" classname="test.testng.TestParallel"/>
  <testcase name="testparallel" time="0.001" classname="test.testng.TestParallel"/>
  <testcase name="testparallel" time="0.001" classname="test.testng.TestParallel"/>
  <testcase name="testparallel" time="0.059" classname="test.testng.TestParallel"/>
  <testcase name="testparallel" time="0.0" classname="test.testng.TestParallel"/>
  <testcase name="testparallel" time="0.001" classname="test.testng.TestParallel"/>
  <testcase name="testparallel" time="0.0" classname="test.testng.TestParallel"/>
  <testcase name="testparallel" time="0.0" classname="test.testng.TestParallel"/>
  <testcase name="testparallel" time="0.001" classname="test.testng.TestParallel"/>
  <testcase name="testparallel" time="0.0" classname="test.testng.TestParallel"/>
  <testcase name="testparallel" time="0.098" classname="test.testng.TestParallel"/>
  <testcase name="testparallel" time="0.041" classname="test.testng.TestParallel"/>
  <testcase name="testparallel" time="0.001" classname="test.testng.TestParallel"/>
  <testcase name="testparallel" time="0.0" classname="test.testng.TestParallel"/>
  <testcase name="testparallel" time="0.006" classname="test.testng.TestParallel"/>
  <testcase name="testparallel" time="0.063" classname="test.testng.TestParallel"/>
  <testcase name="testparallel" time="0.063" classname="test.testng.TestParallel"/>
  <testcase name="testparallel" time="0.0" classname="test.testng.TestParallel"/>
  <testcase name="testparallel" time="0.0" classname="test.testng.TestParallel"/>
  <testcase name="testparallel" time="0.0" classname="test.testng.TestParallel"/>
  <testcase name="testparallel" time="0.0" classname="test.testng.TestParallel"/>
  <testcase name="testparallel" time="0.0" classname="test.testng.TestParallel"/>
  <testcase name="testparallel" time="0.001" classname="test.testng.TestParallel"/>
  <testcase name="testparallel" time="0.0" classname="test.testng.TestParallel"/>
  <testcase name="testparallel" time="0.0" classname="test.testng.TestParallel"/>
  <testcase name="testparallel" time="0.006" classname="test.testng.TestParallel"/>
  <testcase name="testparallel" time="0.0" classname="test.testng.TestParallel"/>
  <testcase name="testparallel" time="0.001" classname="test.testng.TestParallel"/>
  <testcase name="testparallel" time="0.062" classname="test.testng.TestParallel"/>
  <testcase name="testparallel" time="0.001" classname="test.testng.TestParallel"/>
  <testcase name="testparallel" time="0.001" classname="test.testng.TestParallel"/>
  <testcase name="testparallel" time="0.002" classname="test.testng.TestParallel"/>
  <testcase name="testparallel" time="0.0" classname="test.testng.TestParallel"/>
  <testcase name="testparallel" time="0.015" classname="test.testng.TestParallel"/>
  <testcase name="testparallel" time="0.0" classname="test.testng.TestParallel"/>
  <testcase name="testparallel" time="0.005" classname="test.testng.TestParallel"/>
  <testcase name="testparallel" time="0.022" classname="test.testng.TestParallel"/>
  <testcase name="testparallel" time="0.001" classname="test.testng.TestParallel"/>
  <testcase name="testparallel" time="0.0" classname="test.testng.TestParallel"/>
  <testcase name="testparallel" time="0.003" classname="test.testng.TestParallel"/>
  <testcase name="testparallel" time="0.0" classname="test.testng.TestParallel"/>
  <testcase name="testparallel" time="0.031" classname="test.testng.TestParallel"/>
  <testcase name="testparallel" time="0.0" classname="test.testng.TestParallel"/>
  <testcase name="testparallel" time="0.0" classname="test.testng.TestParallel"/>
  <testcase name="testparallel" time="0.0" classname="test.testng.TestParallel"/>
  <testcase name="testparallel" time="0.002" classname="test.testng.TestParallel"/>
  <testcase name="testparallel" time="0.0" classname="test.testng.TestParallel"/>
  <testcase name="testparallel" time="0.035" classname="test.testng.TestParallel"/>
  <testcase name="testparallel" time="0.015" classname="test.testng.TestParallel"/>
  <testcase name="testparallel" time="0.016" classname="test.testng.TestParallel"/>
  <testcase name="testparallel" time="0.022" classname="test.testng.TestParallel"/>
  <testcase name="testparallel" time="0.013" classname="test.testng.TestParallel"/>
  <testcase name="testparallel" time="0.002" classname="test.testng.TestParallel"/>
  <testcase name="testparallel" time="0.0" classname="test.testng.TestParallel"/>
  <testcase name="testparallel" time="0.0" classname="test.testng.TestParallel"/>
  <testcase name="testMethod2" time="0.0" classname="test.testng.AppTest">
    <ignored/>
  </testcase> <!-- testMethod2 -->
  <testcase name="testmethod4" time="0.0" classname="test.testng.AppTest">
    <ignored/>
  </testcase> <!-- testmethod4 -->
  <testcase name="testmethod5" time="0.0" classname="test.testng.AppTest">
    <ignored/>
  </testcase> <!-- testmethod5 -->
  <testcase name="testMethod3" time="0.0" classname="test.testng.AppTest">
    <ignored/>
  </testcase> <!-- testMethod3 -->
</testsuite> <!-- mytest1 -->
