<?xml version="1.0" encoding="UTF-8"?>
<!-- Generated by org.testng.reporters.JUnitXMLReporter -->
<testsuite hostname="DESKTOP-L2VJL3A" ignored="1" name="mytest2" tests="1" failures="0" timestamp="28 Jan 2020 14:10:30 GMT" time="0.012" errors="0">
  <testcase name="testexception2" time="0.001" classname="test.testng.TestExceptions"/>
  <testcase name="testexception1" time="0.0" classname="test.testng.TestExceptions">
    <ignored/>
  </testcase> <!-- testexception1 -->
</testsuite> <!-- mytest2 -->
